0 INICIO
1 CLIENTE 1 ENTRA DISCOTECA
1 CLIENTE 1 ENTRA BAR
2 CLIENTE 2 ENTRA DISCOTECA
2 CLIENTE 2 ENTRA BAR
3 CLIENTE 3 ENTRA DISCOTECA
3 CLIENTE 3 ENTRA KARTODROMO
4 CLIENTE 4 ENTRA DISCOTECA
4 CLIENTE 4 ENTRA BAR_VIP
5 CLIENTE 2 SAI BAR
5 CLIENTE 2 ENTRA KARTODROMO
5 CLIENTE 5 ENTRA DISCOTECA
5 CLIENTE 5 ENTRA BAR
5 CLIENTE 6 ENTRA DISCOTECA
5 CLIENTE 6 ENTRA KARTODROMO
5 CLIENTE 7 ENTRA DISCOTECA
5 CLIENTE 7 ENTRA BAR
6 CLIENTE 2 SAI KARTODROMO
6 CLIENTE 2 ENTRA BAR_VIP
6 CLIENTE 4 SAI BAR_VIP
6 CLIENTE 4 ENTRA BAR
6 CLIENTE 7 SAI BAR
6 CLIENTE 7 ENTRA KARTODROMO
6 CLIENTE 8 ENTRA DISCOTECA
6 CLIENTE 8 ENTRA BAR_VIP
7 CLIENTE 6 SAI KARTODROMO
7 CLIENTE 6 ENTRA BAR
7 CLIENTE 8 SAI BAR_VIP
7 CLIENTE 8 ENTRA BAR
7 CLIENTE 9 ENTRA DISCOTECA
7 CLIENTE 9 ENTRA KARTODROMO
8 CLIENTE 3 SAI KARTODROMO
8 CLIENTE 3 ENTRA BAR
8 CLIENTE 5 SAI BAR
8 CLIENTE 5 ENTRA KARTODROMO
8 CLIENTE 10 ENTRA DISCOTECA
8 CLIENTE 10 ENTRA KARTODROMO
8 CLIENTE 11 ENTRA DISCOTECA
8 CLIENTE 11 ENTRA KARTODROMO
8 CLIENTE 1 SAI BAR
8 CLIENTE 1 ENTRA KARTODROMO
9 CLIENTE 11 SAI KARTODROMO
9 CLIENTE 11 ENTRA BAR
9 CLIENTE 12 ENTRA DISCOTECA
9 CLIENTE 12 ENTRA KARTODROMO
10 CLIENTE 12 SAI KARTODROMO
10 CLIENTE 12 ENTRA BAR
10 CLIENTE 13 ENTRA DISCOTECA
10 CLIENTE 13 ENTRA PISTA_DE_DANCA
10 CLIENTE 14 ENTRA DISCOTECA
10 CLIENTE 14 ENTRA KARTODROMO
10 CLIENTE 15 ENTRA DISCOTECA
10 CLIENTE 15 ENTRA PISTA_DE_DANCA
11 CLIENTE 6 SAI BAR
11 CLIENTE 6 ENTRA PISTA_DE_DANCA
11 CLIENTE 10 SAI KARTODROMO
11 CLIENTE 10 ENTRA PISTA_DE_DANCA
11 CLIENTE 11 SAI BAR
11 CLIENTE 11 ENTRA PISTA_DE_DANCA
11 CLIENTE 16 ENTRA DISCOTECA
11 CLIENTE 16 ENTRA PISTA_DE_DANCA
11 CLIENTE 17 ENTRA DISCOTECA
11 CLIENTE 17 ENTRA BAR
11 CLIENTE 18 ENTRA DISCOTECA
11 CLIENTE 18 ENTRA PISTA_DE_DANCA
11 CLIENTE 19 ENTRA DISCOTECA
11 CLIENTE 19 ENTRA KARTODROMO
11 CLIENTE 20 ENTRA DISCOTECA
11 CLIENTE 20 ENTRA KARTODROMO
11 CLIENTE 21 ENTRA DISCOTECA
11 CLIENTE 21 ENTRA BAR
11 CLIENTE 22 ENTRA DISCOTECA
11 CLIENTE 22 ENTRA KARTODROMO
11 CLIENTE 23 ENTRA DISCOTECA
11 CLIENTE 23 ENTRA BAR
11 CLIENTE 24 ENTRA DISCOTECA
11 CLIENTE 24 ENTRA KARTODROMO
11 CLIENTE 25 ENTRA DISCOTECA
11 CLIENTE 25 ENTRA PISTA_DE_DANCA
11 CLIENTE 26 ENTRA DISCOTECA
11 CLIENTE 26 ENTRA BAR
11 CLIENTE 1 SAI KARTODROMO
11 CLIENTE 1 ENTRA PISTA_DE_DANCA
11 CLIENTE 2 SAI BAR_VIP
12 CLIENTE 2 ENTRA PISTA_DE_DANCA
12 CLIENTE 7 SAI KARTODROMO
12 CLIENTE 7 ENTRA PISTA_DE_DANCA
12 CLIENTE 9 SAI KARTODROMO
12 CLIENTE 9 ENTRA BAR_VIP
12 CLIENTE 20 SAI KARTODROMO
12 CLIENTE 20 ENTRA PISTA_DE_DANCA
12 CLIENTE 27 ENTRA DISCOTECA
12 CLIENTE 27 ENTRA PISTA_DE_DANCA
12 CLIENTE 28 ENTRA DISCOTECA
12 CLIENTE 28 ENTRA BAR_VIP
12 CLIENTE 29 ENTRA DISCOTECA
12 CLIENTE 29 ENTRA KARTODROMO
12 CLIENTE 3 SAI BAR
12 CLIENTE 3 ENTRA PISTA_DE_DANCA
13 CLIENTE 4 SAI BAR
13 CLIENTE 4 ENTRA PISTA_DE_DANCA
13 CLIENTE 16 SAI PISTA_DE_DANCA
13 CLIENTE 16 ENTRA KARTODROMO
13 CLIENTE 20 SAI PISTA_DE_DANCA
13 CLIENTE 20 ENTRA BAR_VIP
13 CLIENTE 27 SAI PISTA_DE_DANCA
13 CLIENTE 27 ENTRA BAR
13 CLIENTE 30 ENTRA DISCOTECA
13 CLIENTE 30 ENTRA BAR
14 CLIENTE 5 SAI KARTODROMO
14 CLIENTE 5 ENTRA PISTA_DE_DANCA
14 CLIENTE 8 SAI BAR
14 CLIENTE 8 ENTRA KARTODROMO
14 CLIENTE 11 SAI PISTA_DE_DANCA
14 CLIENTE 19 SAI KARTODROMO
14 CLIENTE 19 ENTRA BAR
14 CLIENTE 31 ENTRA DISCOTECA
14 CLIENTE 31 ENTRA KARTODROMO
14 CLIENTE 32 ENTRA DISCOTECA
14 CLIENTE 32 ENTRA PISTA_DE_DANCA
15 CLIENTE 15 SAI PISTA_DE_DANCA
15 CLIENTE 15 ENTRA BAR
15 CLIENTE 17 SAI BAR
15 CLIENTE 17 ENTRA KARTODROMO
15 CLIENTE 25 SAI PISTA_DE_DANCA
15 CLIENTE 25 ENTRA BAR
15 CLIENTE 29 SAI KARTODROMO
15 CLIENTE 29 ENTRA PISTA_DE_DANCA
15 CLIENTE 33 ENTRA DISCOTECA
15 CLIENTE 33 ENTRA PISTA_DE_DANCA
16 CLIENTE 14 SAI KARTODROMO
16 CLIENTE 14 ENTRA BAR
16 CLIENTE 19 SAI BAR
16 CLIENTE 23 SAI BAR
16 CLIENTE 23 ENTRA PISTA_DE_DANCA
16 CLIENTE 24 SAI KARTODROMO
16 CLIENTE 24 ENTRA BAR
16 CLIENTE 26 SAI BAR
16 CLIENTE 26 ENTRA KARTODROMO
16 CLIENTE 33 SAI PISTA_DE_DANCA
16 CLIENTE 33 ENTRA KARTODROMO
16 CLIENTE 34 ENTRA DISCOTECA
16 CLIENTE 34 ENTRA KARTODROMO
16 CLIENTE 35 ENTRA DISCOTECA
16 CLIENTE 35 ENTRA PISTA_DE_DANCA
16 CLIENTE 36 ENTRA DISCOTECA
16 CLIENTE 36 ENTRA KARTODROMO
16 CLIENTE 37 ENTRA DISCOTECA
16 CLIENTE 37 ENTRA KARTODROMO
16 CLIENTE 38 ENTRA DISCOTECA
16 CLIENTE 38 ENTRA BAR
16 CLIENTE 2 SAI PISTA_DE_DANCA
17 CLIENTE 7 SAI PISTA_DE_DANCA
17 CLIENTE 9 SAI BAR_VIP
17 CLIENTE 12 SAI BAR
17 CLIENTE 12 ENTRA PISTA_DE_DANCA
17 CLIENTE 9 ENTRA PISTA_DE_DANCA
17 CLIENTE 15 SAI BAR
17 CLIENTE 15 ENTRA KARTODROMO
17 CLIENTE 25 SAI BAR
17 CLIENTE 25 ENTRA KARTODROMO
17 CLIENTE 28 SAI BAR_VIP
17 CLIENTE 28 ENTRA KARTODROMO
17 CLIENTE 33 SAI KARTODROMO
17 CLIENTE 33 ENTRA BAR
17 CLIENTE 39 ENTRA DISCOTECA
17 CLIENTE 39 ENTRA PISTA_DE_DANCA
17 CLIENTE 1 SAI PISTA_DE_DANCA
18 CLIENTE 18 SAI PISTA_DE_DANCA
18 CLIENTE 18 ENTRA BAR
18 CLIENTE 21 SAI BAR
18 CLIENTE 21 ENTRA PISTA_DE_DANCA
18 CLIENTE 23 SAI PISTA_DE_DANCA
18 CLIENTE 30 SAI BAR
18 CLIENTE 30 ENTRA PISTA_DE_DANCA
18 CLIENTE 39 SAI PISTA_DE_DANCA
18 CLIENTE 39 ENTRA KARTODROMO
18 CLIENTE 40 ENTRA DISCOTECA
18 CLIENTE 40 ENTRA BAR
18 CLIENTE 41 ENTRA DISCOTECA
18 CLIENTE 41 ENTRA KARTODROMO
18 CLIENTE 3 SAI PISTA_DE_DANCA
18 CLIENTE 4 SAI PISTA_DE_DANCA
18 CLIENTE 4 ENTRA KARTODROMO
19 CLIENTE 6 SAI PISTA_DE_DANCA
19 CLIENTE 8 SAI KARTODROMO
19 CLIENTE 8 ENTRA PISTA_DE_DANCA
19 CLIENTE 10 SAI PISTA_DE_DANCA
19 CLIENTE 10 ENTRA BAR
19 CLIENTE 13 SAI PISTA_DE_DANCA
19 CLIENTE 13 ENTRA BAR
19 CLIENTE 31 SAI KARTODROMO
19 CLIENTE 31 ENTRA BAR
19 CLIENTE 32 SAI PISTA_DE_DANCA
19 CLIENTE 32 ENTRA BAR
19 CLIENTE 42 ENTRA DISCOTECA
19 CLIENTE 42 ENTRA KARTODROMO
19 CLIENTE 43 ENTRA DISCOTECA
19 CLIENTE 43 ENTRA BAR
20 CLIENTE 1 ENTRA CONCERTO
20 CLIENTE 23 ENTRA CONCERTO
20 CLIENTE 19 ENTRA CONCERTO
20 CLIENTE 3 ENTRA CONCERTO
20 CLIENTE 2 ENTRA CONCERTO
20 CLIENTE 11 ENTRA CONCERTO
20 CLIENTE 6 ENTRA CONCERTO
20 CLIENTE 7 ENTRA CONCERTO
20 CLIENTE 25 SAI KARTODROMO
20 CLIENTE 25 ENTRA CONCERTO
20 CLIENTE 8 SAI PISTA_DE_DANCA
20 CLIENTE 8 ENTRA CONCERTO
20 CLIENTE 22 SAI KARTODROMO
20 CLIENTE 22 ENTRA BAR_VIP
20 CLIENTE 27 SAI BAR
20 CLIENTE 27 ENTRA CONCERTO
20 CLIENTE 29 SAI PISTA_DE_DANCA
20 CLIENTE 29 ENTRA CONCERTO
20 CLIENTE 28 SAI KARTODROMO
20 CLIENTE 28 ENTRA PISTA_DE_DANCA
20 CLIENTE 44 ENTRA DISCOTECA
20 CLIENTE 44 ENTRA CONCERTO
20 CLIENTE 45 ENTRA DISCOTECA
20 CLIENTE 45 ENTRA PISTA_DE_DANCA
20 CLIENTE 46 ENTRA DISCOTECA
20 CLIENTE 46 ENTRA CONCERTO
20 CLIENTE 47 ENTRA DISCOTECA
20 CLIENTE 47 ENTRA KARTODROMO
21 CLIENTE 6 SAI CONCERTO
21 CLIENTE 14 SAI BAR
21 CLIENTE 14 ENTRA CONCERTO
21 CLIENTE 16 SAI KARTODROMO
21 CLIENTE 16 ENTRA CONCERTO
21 CLIENTE 17 SAI KARTODROMO
21 CLIENTE 17 ENTRA PISTA_DE_DANCA
21 CLIENTE 22 SAI BAR_VIP
21 CLIENTE 22 ENTRA CONCERTO
21 CLIENTE 26 SAI KARTODROMO
21 CLIENTE 26 ENTRA CONCERTO
21 CLIENTE 30 SAI PISTA_DE_DANCA
21 CLIENTE 30 ENTRA CONCERTO
21 CLIENTE 15 SAI KARTODROMO
21 CLIENTE 15 ENTRA CONCERTO
21 CLIENTE 33 SAI BAR
21 CLIENTE 33 ENTRA CONCERTO
21 CLIENTE 40 SAI BAR
21 CLIENTE 40 ENTRA PISTA_DE_DANCA
21 CLIENTE 48 ENTRA DISCOTECA
21 CLIENTE 48 ENTRA BAR
21 CLIENTE 5 SAI PISTA_DE_DANCA
21 CLIENTE 5 DESISTE CONCERTO
22 CLIENTE 3 SAI CONCERTO
22 CLIENTE 27 SAI CONCERTO
22 CLIENTE 47 SAI KARTODROMO
22 CLIENTE 47 ENTRA PISTA_DE_DANCA
22 CLIENTE 20 SAI BAR_VIP
22 CLIENTE 20 ENTRA BAR
22 CLIENTE 35 SAI PISTA_DE_DANCA
22 CLIENTE 35 ENTRA BAR
22 CLIENTE 37 SAI KARTODROMO
22 CLIENTE 37 ENTRA PISTA_DE_DANCA
22 CLIENTE 40 SAI PISTA_DE_DANCA
22 CLIENTE 49 ENTRA DISCOTECA
22 CLIENTE 49 ENTRA CONCERTO
23 CLIENTE 23 SAI CONCERTO
23 CLIENTE 10 SAI BAR
23 CLIENTE 10 DESISTE CONCERTO
23 CLIENTE 12 SAI PISTA_DE_DANCA
23 CLIENTE 47 SAI PISTA_DE_DANCA
23 CLIENTE 12 ENTRA CONCERTO
23 CLIENTE 32 SAI BAR
23 CLIENTE 32 ENTRA BAR_VIP
23 CLIENTE 34 SAI KARTODROMO
23 CLIENTE 34 ENTRA PISTA_DE_DANCA
23 CLIENTE 43 SAI BAR
23 CLIENTE 43 ENTRA CONCERTO
23 CLIENTE 50 ENTRA DISCOTECA
23 CLIENTE 50 ENTRA BAR
23 CLIENTE 51 ENTRA DISCOTECA
23 CLIENTE 51 ENTRA BAR
24 CLIENTE 13 SAI BAR
24 CLIENTE 13 ENTRA CONCERTO
24 CLIENTE 21 SAI PISTA_DE_DANCA
24 CLIENTE 21 ENTRA CONCERTO
24 CLIENTE 24 SAI BAR
24 CLIENTE 24 ENTRA CONCERTO
24 CLIENTE 35 SAI BAR
24 CLIENTE 35 ENTRA CONCERTO
24 CLIENTE 38 SAI BAR
24 CLIENTE 38 ENTRA PISTA_DE_DANCA
24 CLIENTE 50 SAI BAR
24 CLIENTE 50 ENTRA PISTA_DE_DANCA
24 CLIENTE 52 ENTRA DISCOTECA
24 CLIENTE 52 ENTRA BAR_VIP
25 CLIENTE 29 SAI CONCERTO
25 CLIENTE 9 SAI PISTA_DE_DANCA
25 CLIENTE 9 ENTRA CONCERTO
25 CLIENTE 17 SAI PISTA_DE_DANCA
25 CLIENTE 41 SAI KARTODROMO
25 CLIENTE 41 ENTRA BAR
25 CLIENTE 31 SAI BAR
25 CLIENTE 28 SAI PISTA_DE_DANCA
25 CLIENTE 28 ENTRA BAR
25 CLIENTE 31 ENTRA PISTA_DE_DANCA
25 CLIENTE 34 SAI PISTA_DE_DANCA
25 CLIENTE 34 ENTRA CONCERTO
25 CLIENTE 36 SAI KARTODROMO
25 CLIENTE 36 ENTRA CONCERTO
25 CLIENTE 53 ENTRA DISCOTECA
25 CLIENTE 53 ENTRA CONCERTO
26 CLIENTE 1 SAI CONCERTO
26 CLIENTE 11 SAI CONCERTO
26 CLIENTE 19 SAI CONCERTO
26 CLIENTE 7 SAI CONCERTO
26 CLIENTE 37 SAI PISTA_DE_DANCA
26 CLIENTE 37 ENTRA BAR
26 CLIENTE 45 SAI PISTA_DE_DANCA
26 CLIENTE 45 ENTRA BAR_VIP
26 CLIENTE 54 ENTRA DISCOTECA
26 CLIENTE 54 DESISTE CONCERTO
26 CLIENTE 54 ENTRA PISTA_DE_DANCA
26 CLIENTE 55 ENTRA DISCOTECA
26 CLIENTE 55 ENTRA BAR
26 CLIENTE 56 ENTRA DISCOTECA
26 CLIENTE 56 ENTRA PISTA_DE_DANCA
26 CLIENTE 57 ENTRA DISCOTECA
26 CLIENTE 57 ENTRA CONCERTO
27 CLIENTE 16 SAI CONCERTO
27 CLIENTE 16 ENTRA BAR
27 CLIENTE 42 SAI KARTODROMO
27 CLIENTE 42 ENTRA PISTA_DE_DANCA
27 CLIENTE 18 SAI BAR
27 CLIENTE 18 ENTRA CONCERTO
27 CLIENTE 4 SAI KARTODROMO
27 CLIENTE 4 ENTRA CONCERTO
27 CLIENTE 58 ENTRA DISCOTECA
27 CLIENTE 58 ENTRA BAR
27 CLIENTE 59 ENTRA DISCOTECA
27 CLIENTE 59 ENTRA BAR
28 CLIENTE 16 SAI BAR
28 CLIENTE 25 SAI CONCERTO
28 CLIENTE 8 SAI CONCERTO
28 CLIENTE 60 ENTRA DISCOTECA
28 CLIENTE 60 ENTRA CONCERTO
29 CLIENTE 46 SAI CONCERTO
29 CLIENTE 2 SAI CONCERTO
29 CLIENTE 46 ENTRA BAR
29 CLIENTE 14 SAI CONCERTO
29 CLIENTE 44 SAI CONCERTO
29 CLIENTE 44 ENTRA BAR
29 CLIENTE 14 ENTRA PISTA_DE_DANCA
29 CLIENTE 39 SAI KARTODROMO
29 CLIENTE 39 ENTRA CONCERTO
29 CLIENTE 20 SAI BAR
29 CLIENTE 20 ENTRA CONCERTO
29 CLIENTE 48 SAI BAR
29 CLIENTE 48 ENTRA PISTA_DE_DANCA
29 CLIENTE 51 SAI BAR
29 CLIENTE 51 ENTRA CONCERTO
29 CLIENTE 59 SAI BAR
29 CLIENTE 61 ENTRA DISCOTECA
29 CLIENTE 61 ENTRA CONCERTO
30 CLIENTE 26 SAI CONCERTO
30 CLIENTE 26 ENTRA PISTA_DE_DANCA
30 CLIENTE 43 SAI CONCERTO
30 CLIENTE 43 ENTRA PISTA_DE_DANCA
30 CLIENTE 31 SAI PISTA_DE_DANCA
30 CLIENTE 32 SAI BAR_VIP
30 CLIENTE 32 ENTRA CONCERTO
30 CLIENTE 31 ENTRA CONCERTO
30 CLIENTE 56 SAI PISTA_DE_DANCA
30 CLIENTE 56 DESISTE CONCERTO
30 CLIENTE 56 ENTRA BAR
30 CLIENTE 58 SAI BAR
30 CLIENTE 58 ENTRA CONCERTO
30 CLIENTE 62 ENTRA DISCOTECA
30 CLIENTE 62 ENTRA CONCERTO
30 CLIENTE 63 ENTRA DISCOTECA
30 CLIENTE 63 ENTRA CONCERTO
30 CLIENTE 64 ENTRA DISCOTECA
30 CLIENTE 64 ENTRA BAR
30 CLIENTE 65 ENTRA DISCOTECA
30 CLIENTE 65 ENTRA PISTA_DE_DANCA
30 CLIENTE 66 ENTRA DISCOTECA
30 CLIENTE 66 ENTRA PISTA_DE_DANCA
30 CLIENTE 67 ENTRA DISCOTECA
30 CLIENTE 67 ENTRA CONCERTO
31 CLIENTE 15 SAI CONCERTO
31 CLIENTE 44 SAI BAR
31 CLIENTE 44 ENTRA BAR_VIP
31 CLIENTE 33 SAI CONCERTO
31 CLIENTE 48 SAI PISTA_DE_DANCA
31 CLIENTE 48 ENTRA CONCERTO
31 CLIENTE 52 SAI BAR_VIP
31 CLIENTE 52 ENTRA BAR
31 CLIENTE 68 ENTRA DISCOTECA
31 CLIENTE 68 ENTRA PISTA_DE_DANCA
32 CLIENTE 43 SAI PISTA_DE_DANCA
32 CLIENTE 44 SAI BAR_VIP
32 CLIENTE 13 SAI CONCERTO
32 CLIENTE 42 SAI PISTA_DE_DANCA
32 CLIENTE 42 ENTRA CONCERTO
32 CLIENTE 38 SAI PISTA_DE_DANCA
32 CLIENTE 38 ENTRA CONCERTO
32 CLIENTE 50 SAI PISTA_DE_DANCA
32 CLIENTE 54 SAI PISTA_DE_DANCA
32 CLIENTE 56 SAI BAR
32 CLIENTE 68 SAI PISTA_DE_DANCA
32 CLIENTE 69 ENTRA DISCOTECA
32 CLIENTE 69 ENTRA CONCERTO
32 CLIENTE 12 SAI CONCERTO
33 CLIENTE 22 SAI CONCERTO
33 CLIENTE 22 ENTRA PISTA_DE_DANCA
33 CLIENTE 14 SAI PISTA_DE_DANCA
33 CLIENTE 36 SAI CONCERTO
33 CLIENTE 36 ENTRA PISTA_DE_DANCA
33 CLIENTE 37 SAI BAR
33 CLIENTE 37 DESISTE CONCERTO
33 CLIENTE 70 ENTRA DISCOTECA
33 CLIENTE 70 ENTRA CONCERTO
33 CLIENTE 71 ENTRA DISCOTECA
33 CLIENTE 71 ENTRA PISTA_DE_DANCA
33 CLIENTE 9 SAI CONCERTO
34 CLIENTE 24 SAI CONCERTO
34 CLIENTE 24 ENTRA PISTA_DE_DANCA
34 CLIENTE 41 SAI BAR
34 CLIENTE 41 DESISTE CONCERTO
34 CLIENTE 28 SAI BAR
34 CLIENTE 28 ENTRA CONCERTO
34 CLIENTE 45 SAI BAR_VIP
34 CLIENTE 45 ENTRA CONCERTO
34 CLIENTE 55 SAI BAR
34 CLIENTE 55 ENTRA PISTA_DE_DANCA
34 CLIENTE 72 ENTRA DISCOTECA
34 CLIENTE 72 ENTRA CONCERTO
34 CLIENTE 73 ENTRA DISCOTECA
34 CLIENTE 73 ENTRA PISTA_DE_DANCA
34 CLIENTE 74 ENTRA DISCOTECA
34 CLIENTE 74 ENTRA BAR
34 CLIENTE 75 ENTRA DISCOTECA
34 CLIENTE 75 ENTRA BAR
35 CLIENTE 30 SAI CONCERTO
35 CLIENTE 26 SAI PISTA_DE_DANCA
35 CLIENTE 36 SAI PISTA_DE_DANCA
35 CLIENTE 22 SAI PISTA_DE_DANCA
35 CLIENTE 22 ENTRA BAR
35 CLIENTE 76 ENTRA DISCOTECA
35 CLIENTE 76 ENTRA BAR
35 CLIENTE 65 SAI PISTA_DE_DANCA
35 CLIENTE 65 ENTRA CONCERTO
35 CLIENTE 66 SAI PISTA_DE_DANCA
35 CLIENTE 66 ENTRA CONCERTO
36 CLIENTE 57 SAI CONCERTO
36 CLIENTE 57 ENTRA BAR
36 CLIENTE 34 SAI CONCERTO
36 CLIENTE 77 ENTRA DISCOTECA
36 CLIENTE 77 ENTRA PISTA_DE_DANCA
36 CLIENTE 55 SAI PISTA_DE_DANCA
36 CLIENTE 55 ENTRA CONCERTO
36 CLIENTE 78 ENTRA DISCOTECA
36 CLIENTE 78 DESISTE CONCERTO
36 CLIENTE 78 ENTRA BAR
36 CLIENTE 64 SAI BAR
36 CLIENTE 64 DESISTE CONCERTO
36 CLIENTE 64 ENTRA PISTA_DE_DANCA
36 CLIENTE 53 SAI CONCERTO
36 CLIENTE 53 ENTRA BAR
36 CLIENTE 60 SAI CONCERTO
36 CLIENTE 60 ENTRA PISTA_DE_DANCA
37 CLIENTE 35 SAI CONCERTO
37 CLIENTE 49 SAI CONCERTO
37 CLIENTE 49 ENTRA PISTA_DE_DANCA
37 CLIENTE 21 SAI CONCERTO
37 CLIENTE 79 ENTRA DISCOTECA
37 CLIENTE 79 ENTRA PISTA_DE_DANCA
37 CLIENTE 75 SAI BAR
37 CLIENTE 75 ENTRA CONCERTO
37 CLIENTE 4 SAI CONCERTO
37 CLIENTE 24 SAI PISTA_DE_DANCA
37 CLIENTE 46 SAI BAR
37 CLIENTE 46 ENTRA PISTA_DE_DANCA
38 CLIENTE 32 SAI CONCERTO
38 CLIENTE 31 SAI CONCERTO
38 CLIENTE 52 SAI BAR
38 CLIENTE 52 ENTRA PISTA_DE_DANCA
38 CLIENTE 80 ENTRA DISCOTECA
38 CLIENTE 80 ENTRA BAR
39 CLIENTE 48 SAI CONCERTO
39 CLIENTE 81 ENTRA DISCOTECA
39 CLIENTE 81 DESISTE CONCERTO
39 CLIENTE 81 ENTRA BAR_VIP
39 CLIENTE 82 ENTRA DISCOTECA
39 CLIENTE 82 ENTRA BAR
39 CLIENTE 46 SAI PISTA_DE_DANCA
40 CLIENTE 18 SAI CONCERTO
40 CLIENTE 76 SAI BAR
40 CLIENTE 76 ENTRA PISTA_DE_DANCA
40 CLIENTE 79 SAI PISTA_DE_DANCA
40 CLIENTE 79 ENTRA BAR
40 CLIENTE 81 SAI BAR_VIP
40 CLIENTE 81 ENTRA BAR
40 CLIENTE 83 ENTRA DISCOTECA
40 CLIENTE 83 ENTRA BAR
40 CLIENTE 73 SAI PISTA_DE_DANCA
40 CLIENTE 73 ENTRA CONCERTO
40 CLIENTE 74 SAI BAR
41 CLIENTE 67 SAI CONCERTO
41 CLIENTE 51 SAI CONCERTO
41 CLIENTE 42 SAI CONCERTO
41 CLIENTE 67 ENTRA BAR
41 CLIENTE 51 ENTRA PISTA_DE_DANCA
41 CLIENTE 84 ENTRA DISCOTECA
41 CLIENTE 85 ENTRA DISCOTECA
41 CLIENTE 84 ENTRA CONCERTO
41 CLIENTE 85 ENTRA BAR
42 CLIENTE 49 SAI PISTA_DE_DANCA
42 CLIENTE 49 ENTRA BAR
42 CLIENTE 62 SAI CONCERTO
42 CLIENTE 62 ENTRA PISTA_DE_DANCA
42 CLIENTE 22 SAI BAR
42 CLIENTE 81 SAI BAR
42 CLIENTE 81 ENTRA PISTA_DE_DANCA
42 CLIENTE 64 SAI PISTA_DE_DANCA
42 CLIENTE 86 ENTRA DISCOTECA
42 CLIENTE 86 ENTRA CONCERTO
42 CLIENTE 87 ENTRA DISCOTECA
42 CLIENTE 87 ENTRA BAR
42 CLIENTE 88 ENTRA DISCOTECA
42 CLIENTE 88 ENTRA BAR
42 CLIENTE 89 ENTRA DISCOTECA
42 CLIENTE 89 ENTRA PISTA_DE_DANCA
42 CLIENTE 90 ENTRA DISCOTECA
42 CLIENTE 71 SAI PISTA_DE_DANCA
42 CLIENTE 71 ENTRA CONCERTO
42 CLIENTE 90 ENTRA CONCERTO
42 CLIENTE 39 SAI CONCERTO
42 CLIENTE 39 ENTRA BAR
42 CLIENTE 57 SAI BAR
43 CLIENTE 28 SAI CONCERTO
43 CLIENTE 38 SAI CONCERTO
43 CLIENTE 52 SAI PISTA_DE_DANCA
43 CLIENTE 52 ENTRA CONCERTO
43 CLIENTE 78 SAI BAR
43 CLIENTE 78 ENTRA PISTA_DE_DANCA
43 CLIENTE 81 SAI PISTA_DE_DANCA
43 CLIENTE 88 SAI BAR
43 CLIENTE 88 ENTRA CONCERTO
43 CLIENTE 91 ENTRA DISCOTECA
43 CLIENTE 91 ENTRA CONCERTO
43 CLIENTE 92 ENTRA DISCOTECA
43 CLIENTE 92 ENTRA PISTA_DE_DANCA
43 CLIENTE 53 SAI BAR
43 CLIENTE 53 ENTRA PISTA_DE_DANCA
44 CLIENTE 77 SAI PISTA_DE_DANCA
44 CLIENTE 77 DESISTE CONCERTO
44 CLIENTE 77 ENTRA BAR
44 CLIENTE 83 SAI BAR
44 CLIENTE 83 ENTRA PISTA_DE_DANCA
44 CLIENTE 93 ENTRA DISCOTECA
44 CLIENTE 93 ENTRA CONCERTO
44 CLIENTE 61 SAI CONCERTO
44 CLIENTE 61 ENTRA PISTA_DE_DANCA
44 CLIENTE 20 SAI CONCERTO
44 CLIENTE 60 SAI PISTA_DE_DANCA
44 CLIENTE 60 ENTRA BAR
44 CLIENTE 72 SAI CONCERTO
44 CLIENTE 72 ENTRA BAR
44 CLIENTE 39 SAI BAR
45 CLIENTE 51 SAI PISTA_DE_DANCA
45 CLIENTE 80 SAI BAR
45 CLIENTE 80 ENTRA CONCERTO
45 CLIENTE 82 SAI BAR
45 CLIENTE 82 DESISTE CONCERTO
45 CLIENTE 82 ENTRA PISTA_DE_DANCA
45 CLIENTE 87 SAI BAR
45 CLIENTE 87 ENTRA CONCERTO
45 CLIENTE 94 ENTRA DISCOTECA
45 CLIENTE 94 ENTRA PISTA_DE_DANCA
45 CLIENTE 95 ENTRA DISCOTECA
45 CLIENTE 95 ENTRA CONCERTO
45 CLIENTE 96 ENTRA DISCOTECA
45 CLIENTE 96 ENTRA BAR
45 CLIENTE 55 SAI CONCERTO
45 CLIENTE 55 ENTRA BAR_VIP
45 CLIENTE 58 SAI CONCERTO
45 CLIENTE 72 SAI BAR
45 CLIENTE 70 SAI CONCERTO
45 CLIENTE 70 ENTRA PISTA_DE_DANCA
45 CLIENTE 65 SAI CONCERTO
45 CLIENTE 72 ENTRA PISTA_DE_DANCA
46 CLIENTE 76 SAI PISTA_DE_DANCA
46 CLIENTE 76 ENTRA CONCERTO
46 CLIENTE 89 SAI PISTA_DE_DANCA
46 CLIENTE 89 ENTRA BAR
46 CLIENTE 92 SAI PISTA_DE_DANCA
46 CLIENTE 92 ENTRA BAR
46 CLIENTE 63 SAI CONCERTO
46 CLIENTE 63 ENTRA BAR
46 CLIENTE 49 SAI BAR
47 CLIENTE 62 SAI PISTA_DE_DANCA
47 CLIENTE 62 ENTRA BAR
47 CLIENTE 97 ENTRA DISCOTECA
47 CLIENTE 97 ENTRA PISTA_DE_DANCA
47 CLIENTE 77 SAI BAR
47 CLIENTE 83 SAI PISTA_DE_DANCA
47 CLIENTE 83 ENTRA CONCERTO
47 CLIENTE 84 SAI CONCERTO
47 CLIENTE 84 ENTRA BAR
47 CLIENTE 69 SAI CONCERTO
47 CLIENTE 69 ENTRA PISTA_DE_DANCA
47 CLIENTE 45 SAI CONCERTO
47 CLIENTE 45 ENTRA BAR
47 CLIENTE 67 SAI BAR
48 CLIENTE 79 SAI BAR
48 CLIENTE 79 ENTRA CONCERTO
48 CLIENTE 98 ENTRA DISCOTECA
48 CLIENTE 98 ENTRA PISTA_DE_DANCA
48 CLIENTE 88 SAI CONCERTO
48 CLIENTE 60 SAI BAR
48 CLIENTE 86 SAI CONCERTO
48 CLIENTE 86 ENTRA PISTA_DE_DANCA
49 CLIENTE 70 SAI PISTA_DE_DANCA
49 CLIENTE 70 ENTRA BAR_VIP
49 CLIENTE 88 ENTRA PISTA_DE_DANCA
49 CLIENTE 99 ENTRA DISCOTECA
49 CLIENTE 99 ENTRA PISTA_DE_DANCA
49 CLIENTE 100 ENTRA DISCOTECA
49 CLIENTE 100 ENTRA BAR
49 CLIENTE 52 SAI CONCERTO
49 CLIENTE 63 SAI BAR
49 CLIENTE 63 ENTRA PISTA_DE_DANCA
49 CLIENTE 45 SAI BAR
50 CLIENTE 78 SAI PISTA_DE_DANCA
50 CLIENTE 78 ENTRA BAR_VIP
50 CLIENTE 101 ENTRA DISCOTECA
50 CLIENTE 101 ENTRA CONCERTO
50 CLIENTE 82 SAI PISTA_DE_DANCA
50 CLIENTE 85 SAI BAR
50 CLIENTE 85 ENTRA PISTA_DE_DANCA
50 CLIENTE 87 SAI CONCERTO
50 CLIENTE 71 SAI CONCERTO
50 CLIENTE 71 ENTRA BAR_VIP
51 CLIENTE 100 SAI BAR
51 CLIENTE 100 ENTRA PISTA_DE_DANCA
51 CLIENTE 102 ENTRA DISCOTECA
51 CLIENTE 102 DESISTE CONCERTO
51 CLIENTE 102 ENTRA PISTA_DE_DANCA
51 CLIENTE 75 SAI CONCERTO
51 CLIENTE 80 SAI CONCERTO
51 CLIENTE 73 SAI CONCERTO
51 CLIENTE 55 SAI BAR_VIP
51 CLIENTE 75 ENTRA PISTA_DE_DANCA
51 CLIENTE 80 ENTRA PISTA_DE_DANCA
51 CLIENTE 66 SAI CONCERTO
51 CLIENTE 66 ENTRA BAR
51 CLIENTE 73 ENTRA BAR_VIP
51 CLIENTE 62 SAI BAR
52 CLIENTE 70 SAI BAR_VIP
52 CLIENTE 70 ENTRA BAR
52 CLIENTE 78 SAI BAR_VIP
52 CLIENTE 103 ENTRA DISCOTECA
52 CLIENTE 103 ENTRA CONCERTO
52 CLIENTE 61 SAI PISTA_DE_DANCA
52 CLIENTE 61 ENTRA BAR
52 CLIENTE 53 SAI PISTA_DE_DANCA
52 CLIENTE 86 SAI PISTA_DE_DANCA
52 CLIENTE 86 ENTRA BAR
52 CLIENTE 75 SAI PISTA_DE_DANCA
53 CLIENTE 97 SAI PISTA_DE_DANCA
53 CLIENTE 97 ENTRA CONCERTO
53 CLIENTE 104 ENTRA DISCOTECA
53 CLIENTE 104 ENTRA CONCERTO
53 CLIENTE 105 ENTRA DISCOTECA
53 CLIENTE 105 ENTRA CONCERTO
53 CLIENTE 94 SAI PISTA_DE_DANCA
53 CLIENTE 94 ENTRA BAR
53 CLIENTE 84 SAI BAR
53 CLIENTE 84 ENTRA PISTA_DE_DANCA
53 CLIENTE 61 SAI BAR
53 CLIENTE 101 SAI CONCERTO
53 CLIENTE 101 ENTRA BAR
54 CLIENTE 93 SAI CONCERTO
54 CLIENTE 93 ENTRA PISTA_DE_DANCA
54 CLIENTE 72 SAI PISTA_DE_DANCA
54 CLIENTE 73 SAI BAR_VIP
54 CLIENTE 97 SAI CONCERTO
54 CLIENTE 97 ENTRA BAR
54 CLIENTE 106 ENTRA DISCOTECA
54 CLIENTE 106 ENTRA PISTA_DE_DANCA
54 CLIENTE 107 ENTRA DISCOTECA
54 CLIENTE 107 ENTRA PISTA_DE_DANCA
54 CLIENTE 96 SAI BAR
54 CLIENTE 96 ENTRA CONCERTO
54 CLIENTE 79 SAI CONCERTO
54 CLIENTE 69 SAI PISTA_DE_DANCA
54 CLIENTE 90 SAI CONCERTO
55 CLIENTE 88 SAI PISTA_DE_DANCA
55 CLIENTE 88 ENTRA BAR_VIP
55 CLIENTE 90 ENTRA PISTA_DE_DANCA
55 CLIENTE 100 SAI PISTA_DE_DANCA
55 CLIENTE 100 ENTRA CONCERTO
55 CLIENTE 85 SAI PISTA_DE_DANCA
55 CLIENTE 85 ENTRA CONCERTO
55 CLIENTE 102 SAI PISTA_DE_DANCA
55 CLIENTE 103 SAI CONCERTO
55 CLIENTE 89 SAI BAR
55 CLIENTE 89 ENTRA CONCERTO
55 CLIENTE 92 SAI BAR
55 CLIENTE 92 ENTRA CONCERTO
55 CLIENTE 108 ENTRA DISCOTECA
55 CLIENTE 108 ENTRA CONCERTO
55 CLIENTE 109 ENTRA DISCOTECA
55 CLIENTE 109 ENTRA BAR
55 CLIENTE 91 SAI CONCERTO
55 CLIENTE 91 ENTRA PISTA_DE_DANCA
55 CLIENTE 83 SAI CONCERTO
56 CLIENTE 105 SAI CONCERTO
56 CLIENTE 105 ENTRA BAR
56 CLIENTE 99 SAI PISTA_DE_DANCA
56 CLIENTE 99 ENTRA CONCERTO
56 CLIENTE 89 SAI CONCERTO
56 CLIENTE 110 ENTRA DISCOTECA
56 CLIENTE 110 ENTRA BAR
56 CLIENTE 63 SAI PISTA_DE_DANCA
57 CLIENTE 98 SAI PISTA_DE_DANCA
57 CLIENTE 98 ENTRA CONCERTO
57 CLIENTE 95 SAI CONCERTO
57 CLIENTE 95 ENTRA BAR
57 CLIENTE 104 SAI CONCERTO
57 CLIENTE 104 ENTRA BAR
58 CLIENTE 111 ENTRA DISCOTECA
58 CLIENTE 111 ENTRA PISTA_DE_DANCA
58 CLIENTE 112 ENTRA DISCOTECA
58 CLIENTE 112 ENTRA BAR_VIP
58 CLIENTE 113 ENTRA DISCOTECA
58 CLIENTE 113 ENTRA CONCERTO
58 CLIENTE 94 SAI BAR
58 CLIENTE 94 ENTRA CONCERTO
58 CLIENTE 96 SAI CONCERTO
58 CLIENTE 96 ENTRA PISTA_DE_DANCA
58 CLIENTE 76 SAI CONCERTO
58 CLIENTE 66 SAI BAR
58 CLIENTE 108 SAI CONCERTO
59 CLIENTE 108 ENTRA PISTA_DE_DANCA
59 CLIENTE 70 SAI BAR
59 CLIENTE 106 SAI PISTA_DE_DANCA
59 CLIENTE 106 ENTRA BAR
59 CLIENTE 114 ENTRA DISCOTECA
59 CLIENTE 114 ENTRA BAR
59 CLIENTE 115 ENTRA DISCOTECA
59 CLIENTE 115 ENTRA PISTA_DE_DANCA
59 CLIENTE 96 SAI PISTA_DE_DANCA
59 CLIENTE 109 SAI BAR
59 CLIENTE 109 ENTRA CONCERTO
59 CLIENTE 80 SAI PISTA_DE_DANCA
59 CLIENTE 71 SAI BAR_VIP
59 CLIENTE 71 ENTRA BAR
60 CLIENTE 111 SAI PISTA_DE_DANCA
60 CLIENTE 111 ENTRA CONCERTO
60 CLIENTE 91 SAI PISTA_DE_DANCA
60 CLIENTE 91 ENTRA BAR
60 CLIENTE 88 SAI BAR_VIP
60 CLIENTE 71 SAI BAR
61 CLIENTE 108 SAI PISTA_DE_DANCA
61 CLIENTE 108 ENTRA BAR
61 CLIENTE 116 ENTRA DISCOTECA
61 CLIENTE 116 ENTRA PISTA_DE_DANCA
61 CLIENTE 117 ENTRA DISCOTECA
61 CLIENTE 117 ENTRA BAR
61 CLIENTE 106 SAI BAR
61 CLIENTE 107 SAI PISTA_DE_DANCA
61 CLIENTE 114 SAI BAR
61 CLIENTE 114 ENTRA PISTA_DE_DANCA
61 CLIENTE 110 SAI BAR
61 CLIENTE 110 ENTRA PISTA_DE_DANCA
61 CLIENTE 84 SAI PISTA_DE_DANCA
61 CLIENTE 101 SAI BAR
61 CLIENTE 101 ENTRA PISTA_DE_DANCA
61 CLIENTE 86 SAI BAR
62 CLIENTE 97 SAI BAR
62 CLIENTE 116 SAI PISTA_DE_DANCA
62 CLIENTE 116 ENTRA BAR
62 CLIENTE 118 ENTRA DISCOTECA
62 CLIENTE 118 ENTRA PISTA_DE_DANCA
62 CLIENTE 85 SAI CONCERTO
62 CLIENTE 114 SAI PISTA_DE_DANCA
62 CLIENTE 93 SAI PISTA_DE_DANCA
63 CLIENTE 105 SAI BAR
63 CLIENTE 105 ENTRA PISTA_DE_DANCA
63 CLIENTE 116 SAI BAR
63 CLIENTE 116 ENTRA BAR_VIP
63 CLIENTE 119 ENTRA DISCOTECA
63 CLIENTE 119 ENTRA PISTA_DE_DANCA
63 CLIENTE 99 SAI CONCERTO
63 CLIENTE 94 SAI CONCERTO
63 CLIENTE 115 SAI PISTA_DE_DANCA
63 CLIENTE 115 ENTRA BAR
63 CLIENTE 92 SAI CONCERTO
63 CLIENTE 90 SAI PISTA_DE_DANCA
63 CLIENTE 90 ENTRA BAR
64 CLIENTE 112 SAI BAR_VIP
64 CLIENTE 112 ENTRA BAR
64 CLIENTE 100 SAI CONCERTO
64 CLIENTE 120 ENTRA DISCOTECA
64 CLIENTE 120 ENTRA PISTA_DE_DANCA
64 CLIENTE 104 SAI BAR
64 CLIENTE 104 ENTRA PISTA_DE_DANCA
65 CLIENTE 108 SAI BAR
65 CLIENTE 113 SAI CONCERTO
65 CLIENTE 113 ENTRA BAR
65 CLIENTE 121 ENTRA DISCOTECA
65 CLIENTE 121 ENTRA PISTA_DE_DANCA
65 CLIENTE 95 SAI BAR
65 CLIENTE 95 ENTRA PISTA_DE_DANCA
66 CLIENTE 105 SAI PISTA_DE_DANCA
66 CLIENTE 98 SAI CONCERTO
66 CLIENTE 119 SAI PISTA_DE_DANCA
66 CLIENTE 119 ENTRA BAR
66 CLIENTE 122 ENTRA DISCOTECA
66 CLIENTE 122 ENTRA BAR_VIP
66 CLIENTE 123 ENTRA DISCOTECA
66 CLIENTE 123 ENTRA BAR
66 CLIENTE 95 SAI PISTA_DE_DANCA
67 CLIENTE 117 SAI BAR
67 CLIENTE 117 ENTRA BAR_VIP
67 CLIENTE 119 SAI BAR
67 CLIENTE 124 ENTRA DISCOTECA
67 CLIENTE 124 ENTRA BAR
67 CLIENTE 109 SAI CONCERTO
67 CLIENTE 109 ENTRA PISTA_DE_DANCA
68 CLIENTE 111 SAI CONCERTO
68 CLIENTE 111 ENTRA BAR_VIP
68 CLIENTE 123 SAI BAR
68 CLIENTE 123 ENTRA PISTA_DE_DANCA
68 CLIENTE 125 ENTRA DISCOTECA
68 CLIENTE 125 ENTRA PISTA_DE_DANCA
68 CLIENTE 110 SAI PISTA_DE_DANCA
68 CLIENTE 101 SAI PISTA_DE_DANCA
68 CLIENTE 91 SAI BAR
69 CLIENTE 116 SAI BAR_VIP
69 CLIENTE 112 SAI BAR
69 CLIENTE 112 ENTRA PISTA_DE_DANCA
69 CLIENTE 126 ENTRA DISCOTECA
69 CLIENTE 126 ENTRA PISTA_DE_DANCA
69 CLIENTE 127 ENTRA DISCOTECA
69 CLIENTE 127 ENTRA BAR
70 CLIENTE 122 SAI BAR_VIP
70 CLIENTE 122 ENTRA BAR
70 CLIENTE 115 SAI BAR
70 CLIENTE 90 SAI BAR
71 CLIENTE 128 ENTRA DISCOTECA
71 CLIENTE 128 ENTRA PISTA_DE_DANCA
71 CLIENTE 117 SAI BAR_VIP
71 CLIENTE 129 ENTRA DISCOTECA
71 CLIENTE 118 SAI PISTA_DE_DANCA
71 CLIENTE 129 ENTRA PISTA_DE_DANCA
71 CLIENTE 120 SAI PISTA_DE_DANCA
71 CLIENTE 120 ENTRA BAR_VIP
71 CLIENTE 123 SAI PISTA_DE_DANCA
72 CLIENTE 130 ENTRA DISCOTECA
72 CLIENTE 130 ENTRA PISTA_DE_DANCA
72 CLIENTE 124 SAI BAR
73 CLIENTE 113 SAI BAR
73 CLIENTE 113 ENTRA PISTA_DE_DANCA
73 CLIENTE 131 ENTRA DISCOTECA
73 CLIENTE 131 ENTRA PISTA_DE_DANCA
73 CLIENTE 121 SAI PISTA_DE_DANCA
73 CLIENTE 126 SAI PISTA_DE_DANCA
73 CLIENTE 126 ENTRA BAR
73 CLIENTE 104 SAI PISTA_DE_DANCA
74 CLIENTE 130 SAI PISTA_DE_DANCA
74 CLIENTE 132 ENTRA DISCOTECA
74 CLIENTE 132 ENTRA BAR_VIP
74 CLIENTE 126 SAI BAR
74 CLIENTE 109 SAI PISTA_DE_DANCA
74 CLIENTE 127 SAI BAR
74 CLIENTE 127 ENTRA BAR_VIP
75 CLIENTE 133 ENTRA DISCOTECA
75 CLIENTE 133 ENTRA BAR
75 CLIENTE 134 ENTRA DISCOTECA
75 CLIENTE 134 ENTRA BAR
76 CLIENTE 111 SAI BAR_VIP
76 CLIENTE 111 ENTRA BAR
76 CLIENTE 120 SAI BAR_VIP
76 CLIENTE 120 ENTRA BAR
76 CLIENTE 132 SAI BAR_VIP
76 CLIENTE 132 ENTRA BAR
76 CLIENTE 135 ENTRA DISCOTECA
76 CLIENTE 135 ENTRA BAR
77 CLIENTE 113 SAI PISTA_DE_DANCA
77 CLIENTE 129 SAI PISTA_DE_DANCA
77 CLIENTE 129 ENTRA BAR
77 CLIENTE 122 SAI BAR
77 CLIENTE 122 ENTRA PISTA_DE_DANCA
77 CLIENTE 136 ENTRA DISCOTECA
77 CLIENTE 136 ENTRA BAR
77 CLIENTE 125 SAI PISTA_DE_DANCA
77 CLIENTE 125 ENTRA BAR
78 CLIENTE 112 SAI PISTA_DE_DANCA
78 CLIENTE 128 SAI PISTA_DE_DANCA
78 CLIENTE 128 ENTRA BAR
78 CLIENTE 129 SAI BAR
78 CLIENTE 137 ENTRA DISCOTECA
78 CLIENTE 137 ENTRA BAR
79 CLIENTE 133 SAI BAR
79 CLIENTE 133 ENTRA PISTA_DE_DANCA
79 CLIENTE 122 SAI PISTA_DE_DANCA
79 CLIENTE 138 ENTRA DISCOTECA
79 CLIENTE 138 ENTRA PISTA_DE_DANCA
80 CLIENTE 139 ENTRA DISCOTECA
80 CLIENTE 139 ENTRA BAR
81 CLIENTE 140 ENTRA DISCOTECA
81 CLIENTE 140 ENTRA PISTA_DE_DANCA
81 CLIENTE 127 SAI BAR_VIP
82 CLIENTE 131 SAI PISTA_DE_DANCA
82 CLIENTE 131 ENTRA BAR_VIP
82 CLIENTE 141 ENTRA DISCOTECA
82 CLIENTE 141 ENTRA BAR
82 CLIENTE 137 SAI BAR
82 CLIENTE 125 SAI BAR
82 CLIENTE 142 ENTRA DISCOTECA
82 CLIENTE 137 ENTRA PISTA_DE_DANCA
83 CLIENTE 142 ENTRA PISTA_DE_DANCA
83 CLIENTE 120 SAI BAR
83 CLIENTE 131 SAI BAR_VIP
83 CLIENTE 134 SAI BAR
83 CLIENTE 134 ENTRA PISTA_DE_DANCA
84 CLIENTE 142 SAI PISTA_DE_DANCA
84 CLIENTE 142 ENTRA BAR
84 CLIENTE 143 ENTRA DISCOTECA
84 CLIENTE 143 ENTRA BAR_VIP
84 CLIENTE 139 SAI BAR
84 CLIENTE 139 ENTRA PISTA_DE_DANCA
84 CLIENTE 133 SAI PISTA_DE_DANCA
84 CLIENTE 140 SAI PISTA_DE_DANCA
84 CLIENTE 140 ENTRA BAR
84 CLIENTE 136 SAI BAR
84 CLIENTE 136 ENTRA PISTA_DE_DANCA
85 CLIENTE 111 SAI BAR
85 CLIENTE 144 ENTRA DISCOTECA
85 CLIENTE 144 ENTRA PISTA_DE_DANCA
85 CLIENTE 132 SAI BAR
85 CLIENTE 135 SAI BAR
85 CLIENTE 145 ENTRA DISCOTECA
85 CLIENTE 145 ENTRA PISTA_DE_DANCA
85 CLIENTE 135 ENTRA PISTA_DE_DANCA
85 CLIENTE 138 SAI PISTA_DE_DANCA
85 CLIENTE 138 ENTRA BAR
85 CLIENTE 137 SAI PISTA_DE_DANCA
86 CLIENTE 143 SAI BAR_VIP
86 CLIENTE 143 ENTRA PISTA_DE_DANCA
86 CLIENTE 141 SAI BAR
86 CLIENTE 141 ENTRA BAR_VIP
86 CLIENTE 146 ENTRA DISCOTECA
86 CLIENTE 146 ENTRA BAR
87 CLIENTE 128 SAI BAR
87 CLIENTE 147 ENTRA DISCOTECA
87 CLIENTE 147 ENTRA PISTA_DE_DANCA
87 CLIENTE 148 ENTRA DISCOTECA
87 CLIENTE 148 ENTRA PISTA_DE_DANCA
87 CLIENTE 134 SAI PISTA_DE_DANCA
87 CLIENTE 135 SAI PISTA_DE_DANCA
88 CLIENTE 149 ENTRA DISCOTECA
88 CLIENTE 149 ENTRA BAR_VIP
88 CLIENTE 141 SAI BAR_VIP
88 CLIENTE 138 SAI BAR
89 CLIENTE 142 SAI BAR
89 CLIENTE 147 SAI PISTA_DE_DANCA
89 CLIENTE 147 ENTRA BAR
89 CLIENTE 143 SAI PISTA_DE_DANCA
89 CLIENTE 143 ENTRA BAR
89 CLIENTE 139 SAI PISTA_DE_DANCA
89 CLIENTE 149 SAI BAR_VIP
89 CLIENTE 149 ENTRA PISTA_DE_DANCA
89 CLIENTE 136 SAI PISTA_DE_DANCA
89 CLIENTE 150 ENTRA DISCOTECA
89 CLIENTE 150 ENTRA BAR
90 CLIENTE 140 SAI BAR
90 CLIENTE 150 SAI BAR
91 CLIENTE 144 SAI PISTA_DE_DANCA
91 CLIENTE 144 ENTRA BAR_VIP
91 CLIENTE 145 SAI PISTA_DE_DANCA
93 CLIENTE 154 DESISTE DISCOTECA
93 CLIENTE 143 SAI BAR
94 CLIENTE 148 SAI PISTA_DE_DANCA
94 CLIENTE 148 ENTRA BAR
95 CLIENTE 148 SAI BAR
95 CLIENTE 144 SAI BAR_VIP
95 CLIENTE 146 SAI BAR
96 CLIENTE 149 SAI PISTA_DE_DANCA
97 CLIENTE 159 DESISTE DISCOTECA
98 CLIENTE 147 SAI BAR
99 CLIENTE 164 DESISTE DISCOTECA
99 ENCERRAMENTO
100 CLIENTE 93 SAI DISCOTECA
100 CLIENTE 18 SAI DISCOTECA
100 CLIENTE 51 SAI DISCOTECA
100 CLIENTE 152 ENTRA DISCOTECA
100 CLIENTE 152 SAI DISCOTECA
100 CLIENTE 89 SAI DISCOTECA
100 CLIENTE 79 SAI DISCOTECA
100 CLIENTE 17 SAI DISCOTECA
100 CLIENTE 149 SAI DISCOTECA
100 CLIENTE 26 SAI DISCOTECA
100 CLIENTE 46 SAI DISCOTECA
100 CLIENTE 22 SAI DISCOTECA
100 CLIENTE 6 SAI DISCOTECA
100 CLIENTE 56 SAI DISCOTECA
100 CLIENTE 147 SAI DISCOTECA
100 CLIENTE 42 SAI DISCOTECA
100 CLIENTE 87 SAI DISCOTECA
100 CLIENTE 114 SAI DISCOTECA
100 CLIENTE 25 SAI DISCOTECA
100 CLIENTE 24 SAI DISCOTECA
100 CLIENTE 53 SAI DISCOTECA
100 CLIENTE 110 SAI DISCOTECA
100 CLIENTE 2 SAI DISCOTECA
100 CLIENTE 57 SAI DISCOTECA
100 CLIENTE 85 SAI DISCOTECA
100 CLIENTE 4 SAI DISCOTECA
100 CLIENTE 137 SAI DISCOTECA
100 CLIENTE 12 SAI DISCOTECA
100 CLIENTE 37 SAI DISCOTECA
100 CLIENTE 81 SAI DISCOTECA
100 CLIENTE 65 SAI DISCOTECA
100 CLIENTE 122 SAI DISCOTECA
100 CLIENTE 121 SAI DISCOTECA
100 CLIENTE 14 SAI DISCOTECA
100 CLIENTE 100 SAI DISCOTECA
100 CLIENTE 70 SAI DISCOTECA
100 CLIENTE 58 SAI DISCOTECA
100 CLIENTE 96 SAI DISCOTECA
100 CLIENTE 78 SAI DISCOTECA
100 CLIENTE 48 SAI DISCOTECA
100 CLIENTE 84 SAI DISCOTECA
100 CLIENTE 127 SAI DISCOTECA
100 CLIENTE 125 SAI DISCOTECA
100 CLIENTE 135 SAI DISCOTECA
100 CLIENTE 141 SAI DISCOTECA
100 CLIENTE 16 SAI DISCOTECA
100 CLIENTE 97 SAI DISCOTECA
100 CLIENTE 35 SAI DISCOTECA
100 CLIENTE 90 SAI DISCOTECA
100 CLIENTE 132 SAI DISCOTECA
100 CLIENTE 153 ENTRA DISCOTECA
100 CLIENTE 153 SAI DISCOTECA
100 CLIENTE 144 SAI DISCOTECA
100 CLIENTE 77 SAI DISCOTECA
100 CLIENTE 155 ENTRA DISCOTECA
100 CLIENTE 155 SAI DISCOTECA
100 CLIENTE 123 SAI DISCOTECA
100 CLIENTE 31 SAI DISCOTECA
100 CLIENTE 83 SAI DISCOTECA
100 CLIENTE 7 SAI DISCOTECA
100 CLIENTE 10 SAI DISCOTECA
100 CLIENTE 3 SAI DISCOTECA
100 CLIENTE 156 ENTRA DISCOTECA
100 CLIENTE 156 SAI DISCOTECA
100 CLIENTE 59 SAI DISCOTECA
100 CLIENTE 157 ENTRA DISCOTECA
100 CLIENTE 157 SAI DISCOTECA
100 CLIENTE 73 SAI DISCOTECA
100 CLIENTE 43 SAI DISCOTECA
100 CLIENTE 82 SAI DISCOTECA
100 CLIENTE 62 SAI DISCOTECA
100 CLIENTE 61 SAI DISCOTECA
100 CLIENTE 32 SAI DISCOTECA
100 CLIENTE 146 SAI DISCOTECA
100 CLIENTE 11 SAI DISCOTECA
100 CLIENTE 50 SAI DISCOTECA
100 CLIENTE 158 ENTRA DISCOTECA
100 CLIENTE 158 SAI DISCOTECA
100 CLIENTE 148 SAI DISCOTECA
100 CLIENTE 86 SAI DISCOTECA
100 CLIENTE 160 ENTRA DISCOTECA
100 CLIENTE 160 SAI DISCOTECA
100 CLIENTE 143 SAI DISCOTECA
100 CLIENTE 136 SAI DISCOTECA
100 CLIENTE 161 ENTRA DISCOTECA
100 CLIENTE 161 SAI DISCOTECA
100 CLIENTE 38 SAI DISCOTECA
100 CLIENTE 163 ENTRA DISCOTECA
100 CLIENTE 163 SAI DISCOTECA
100 CLIENTE 129 SAI DISCOTECA
100 CLIENTE 41 SAI DISCOTECA
100 CLIENTE 99 SAI DISCOTECA
100 CLIENTE 69 SAI DISCOTECA
100 CLIENTE 134 SAI DISCOTECA
100 CLIENTE 124 SAI DISCOTECA
100 CLIENTE 120 SAI DISCOTECA
100 CLIENTE 52 SAI DISCOTECA
100 CLIENTE 1 SAI DISCOTECA
100 CLIENTE 102 SAI DISCOTECA
100 CLIENTE 106 SAI DISCOTECA
100 CLIENTE 101 SAI DISCOTECA
100 CLIENTE 40 SAI DISCOTECA
100 CLIENTE 131 SAI DISCOTECA
100 CLIENTE 91 SAI DISCOTECA
100 CLIENTE 75 SAI DISCOTECA
100 CLIENTE 68 SAI DISCOTECA
100 CLIENTE 80 SAI DISCOTECA
100 CLIENTE 133 SAI DISCOTECA
100 CLIENTE 20 SAI DISCOTECA
100 CLIENTE 111 SAI DISCOTECA
100 CLIENTE 112 SAI DISCOTECA
100 CLIENTE 103 SAI DISCOTECA
100 CLIENTE 47 SAI DISCOTECA
100 CLIENTE 151 ENTRA DISCOTECA
100 CLIENTE 151 SAI DISCOTECA
100 CLIENTE 88 SAI DISCOTECA
100 CLIENTE 9 SAI DISCOTECA
100 CLIENTE 21 SAI DISCOTECA
100 CLIENTE 92 SAI DISCOTECA
100 CLIENTE 34 SAI DISCOTECA
100 CLIENTE 15 SAI DISCOTECA
100 CLIENTE 60 SAI DISCOTECA
100 CLIENTE 118 SAI DISCOTECA
100 CLIENTE 98 SAI DISCOTECA
100 CLIENTE 33 SAI DISCOTECA
100 CLIENTE 49 SAI DISCOTECA
100 CLIENTE 108 SAI DISCOTECA
100 CLIENTE 29 SAI DISCOTECA
100 CLIENTE 39 SAI DISCOTECA
100 CLIENTE 140 SAI DISCOTECA
100 CLIENTE 130 SAI DISCOTECA
100 CLIENTE 67 SAI DISCOTECA
100 CLIENTE 27 SAI DISCOTECA
100 CLIENTE 13 SAI DISCOTECA
100 CLIENTE 36 SAI DISCOTECA
100 CLIENTE 94 SAI DISCOTECA
100 CLIENTE 71 SAI DISCOTECA
100 CLIENTE 63 SAI DISCOTECA
100 CLIENTE 107 SAI DISCOTECA
100 CLIENTE 104 SAI DISCOTECA
100 CLIENTE 105 SAI DISCOTECA
100 CLIENTE 115 SAI DISCOTECA
100 CLIENTE 74 SAI DISCOTECA
100 CLIENTE 138 SAI DISCOTECA
100 CLIENTE 5 SAI DISCOTECA
100 CLIENTE 142 SAI DISCOTECA
100 CLIENTE 19 SAI DISCOTECA
100 CLIENTE 150 SAI DISCOTECA
100 CLIENTE 54 SAI DISCOTECA
100 CLIENTE 145 SAI DISCOTECA
100 CLIENTE 126 SAI DISCOTECA
100 CLIENTE 116 SAI DISCOTECA
100 CLIENTE 128 SAI DISCOTECA
100 CLIENTE 45 SAI DISCOTECA
100 CLIENTE 44 SAI DISCOTECA
100 CLIENTE 76 SAI DISCOTECA
100 CLIENTE 23 SAI DISCOTECA
100 CLIENTE 119 SAI DISCOTECA
100 CLIENTE 117 SAI DISCOTECA
100 CLIENTE 139 SAI DISCOTECA
100 CLIENTE 55 SAI DISCOTECA
100 CLIENTE 66 SAI DISCOTECA
100 CLIENTE 95 SAI DISCOTECA
100 CLIENTE 109 SAI DISCOTECA
100 CLIENTE 8 SAI DISCOTECA
100 CLIENTE 113 SAI DISCOTECA
100 CLIENTE 64 SAI DISCOTECA
100 CLIENTE 30 SAI DISCOTECA
100 CLIENTE 72 SAI DISCOTECA
100 CLIENTE 28 SAI DISCOTECA
100 CLIENTE 162 ENTRA DISCOTECA
100 CLIENTE 162 SAI DISCOTECA
101 FIM 
