-1 SIMULACAO 0 INICIO
0 KARTODROMO 0 ABERTURA ZONA 0 0 0 0
0 BAR 2 ABERTURA ZONA 0 0 0 0
0 BAR 2 FECHO ZONA 0 0 0 0
0 BAR_VIP 3 ABERTURA ZONA 0 1 0 0
0 BAR_VIP 3 FECHO ZONA 0 1 0 0
0 CLIENTE 1 ENTRA DISCOTECA
0 CLIENTE 1 ENTRA BAR
1 CLIENTE 2 ENTRA DISCOTECA
1 CLIENTE 2 ENTRA KARTODROMO
1 CLIENTE 3 ENTRA DISCOTECA
1 CLIENTE 3 ENTRA BAR
2 CLIENTE 4 ENTRA DISCOTECA
2 CLIENTE 4 ENTRA KARTODROMO
2 CLIENTE 5 ENTRA DISCOTECA
2 CLIENTE 5 ENTRA BAR
2 CLIENTE 6 ENTRA DISCOTECA
3 CLIENTE 7 ENTRA DISCOTECA
3 CLIENTE 7 ENTRA BAR
3 CLIENTE 8 ENTRA DISCOTECA
3 CLIENTE 8 ENTRA BAR
4 CLIENTE 4 SAI KARTODROMO
4 CLIENTE 4 ENTRA BAR_VIP
4 CLIENTE 6 ENTRA KARTODROMO
4 CLIENTE 9 ENTRA DISCOTECA
4 CLIENTE 10 ENTRA DISCOTECA
4 CLIENTE 10 TENTA KARTODROMO
4 CLIENTE 10 TENTA KARTODROMO
4 CLIENTE 11 ENTRA DISCOTECA
4 CLIENTE 12 ENTRA DISCOTECA
5 CLIENTE 3 SAI BAR
5 CLIENTE 3 TENTA KARTODROMO
5 CLIENTE 10 ENTRA BAR
5 CLIENTE 5 SAI BAR
5 CLIENTE 5 ENTRA BAR_VIP
5 CLIENTE 8 SAI BAR
5 CLIENTE 13 ENTRA DISCOTECA
5 CLIENTE 14 ENTRA DISCOTECA
5 CLIENTE 14 ENTRA BAR
5 CLIENTE 1 SAI BAR
5 CLIENTE 1 TENTA KARTODROMO
5 CLIENTE 1 ENTRA BAR_VIP
6 CLIENTE 7 SAI BAR
6 CLIENTE 15 ENTRA DISCOTECA
7 CLIENTE 16 ENTRA DISCOTECA
7 CLIENTE 1 SAI BAR_VIP
8 CLIENTE 2 SAI KARTODROMO
8 CLIENTE 2 ENTRA BAR
8 CLIENTE 11 ENTRA KARTODROMO
8 CLIENTE 14 SAI BAR
8 CLIENTE 14 ENTRA BAR_VIP
8 CLIENTE 17 ENTRA DISCOTECA
8 CLIENTE 17 ENTRA BAR
9 CLIENTE 5 SAI BAR_VIP
9 CLIENTE 18 ENTRA DISCOTECA
9 CLIENTE 18 ENTRA BAR
9 CLIENTE 19 ENTRA DISCOTECA
10 PISTA_DE_DANCA 1 ABERTURA ZONA 0 0 0 0
10 CLIENTE 20 ENTRA DISCOTECA
10 CLIENTE 20 ENTRA PISTA_DE_DANCA
11 CLIENTE 2 SAI BAR
11 CLIENTE 2 ENTRA PISTA_DE_DANCA
11 CLIENTE 6 SAI KARTODROMO
11 CLIENTE 6 ENTRA BAR
11 CLIENTE 4 SAI BAR_VIP
11 CLIENTE 4 ENTRA BAR
11 CLIENTE 12 ENTRA KARTODROMO
11 CLIENTE 20 SAI PISTA_DE_DANCA
11 CLIENTE 21 ENTRA DISCOTECA
11 CLIENTE 22 ENTRA DISCOTECA
11 CLIENTE 23 ENTRA DISCOTECA
11 CLIENTE 24 ENTRA DISCOTECA
11 CLIENTE 24 ENTRA BAR_VIP
11 CLIENTE 25 ENTRA DISCOTECA
11 CLIENTE 25 ENTRA BAR_VIP
11 CLIENTE 26 ENTRA DISCOTECA
11 CLIENTE 26 ENTRA BAR_VIP
12 CLIENTE 10 SAI BAR
12 CLIENTE 22 ENTRA BAR
12 CLIENTE 6 SAI BAR
12 CLIENTE 6 ENTRA PISTA_DE_DANCA
12 CLIENTE 20 ENTRA BAR
12 CLIENTE 27 ENTRA DISCOTECA
12 CLIENTE 27 TENTA PISTA_DE_DANCA
13 CLIENTE 22 SAI BAR
13 CLIENTE 22 TENTA KARTODROMO
13 CLIENTE 24 SAI BAR_VIP
13 CLIENTE 24 ENTRA BAR
13 CLIENTE 28 ENTRA DISCOTECA
14 CLIENTE 29 ENTRA DISCOTECA
15 CLIENTE 18 SAI BAR
15 CLIENTE 29 ENTRA BAR
15 CLIENTE 25 SAI BAR_VIP
15 CLIENTE 25 TENTA PISTA_DE_DANCA
15 CLIENTE 25 TENTA KARTODROMO
15 CLIENTE 30 ENTRA DISCOTECA
15 CLIENTE 31 ENTRA DISCOTECA
15 CLIENTE 32 ENTRA DISCOTECA
15 CLIENTE 33 ENTRA DISCOTECA
15 CLIENTE 34 ENTRA DISCOTECA
16 CLIENTE 12 SAI KARTODROMO
16 CLIENTE 8 ENTRA KARTODROMO
16 CLIENTE 14 SAI BAR_VIP
16 CLIENTE 35 ENTRA DISCOTECA
16 CLIENTE 36 ENTRA DISCOTECA
16 CLIENTE 37 ENTRA DISCOTECA
17 CLIENTE 11 SAI KARTODROMO
17 CLIENTE 16 ENTRA KARTODROMO
17 CLIENTE 20 SAI BAR
17 CLIENTE 25 ENTRA BAR
17 CLIENTE 17 SAI BAR
17 CLIENTE 17 TENTA KARTODROMO
17 CLIENTE 17 ENTRA BAR_VIP
17 CLIENTE 32 ENTRA BAR
17 CLIENTE 26 SAI BAR_VIP
17 CLIENTE 38 ENTRA DISCOTECA
17 CLIENTE 38 TENTA PISTA_DE_DANCA
17 CLIENTE 39 ENTRA DISCOTECA
18 CLIENTE 2 SAI PISTA_DE_DANCA
18 CLIENTE 2 SAI DISCOTECA
18 CLIENTE 36 ENTRA PISTA_DE_DANCA
18 CLIENTE 40 ENTRA DISCOTECA
18 CLIENTE 40 TENTA KARTODROMO
19 CLIENTE 4 SAI BAR
19 CLIENTE 6 SAI PISTA_DE_DANCA
19 CLIENTE 6 SAI DISCOTECA
19 CLIENTE 40 ENTRA PISTA_DE_DANCA
19 CLIENTE 12 ENTRA BAR
19 CLIENTE 17 SAI BAR_VIP
19 CLIENTE 29 SAI BAR
19 CLIENTE 11 ENTRA BAR
19 CLIENTE 41 ENTRA DISCOTECA
19 CLIENTE 41 ENTRA BAR_VIP
20 KARTODROMO 0 FECHO ZONA 0 0 0 0
20 CONCERTO 4 ABERTURA ZONA 0 0 0 0
21 CLIENTE 24 SAI BAR
21 CLIENTE 24 ENTRA CONCERTO
21 CLIENTE 26 ENTRA BAR
21 CLIENTE 43 DESISTE DISCOTECA
22 CLIENTE 44 DESISTE DISCOTECA
23 CLIENTE 16 SAI KARTODROMO
23 CLIENTE 16 ENTRA CONCERTO
23 CLIENTE 1 ENTRA KARTODROMO
23 CLIENTE 8 SAI KARTODROMO
23 CLIENTE 8 ENTRA BAR_VIP
23 CLIENTE 5 ENTRA KARTODROMO
23 CLIENTE 12 SAI BAR
23 CLIENTE 12 ENTRA CONCERTO
23 CLIENTE 37 ENTRA BAR
23 CLIENTE 45 DESISTE DISCOTECA
24 CLIENTE 36 SAI PISTA_DE_DANCA
24 CLIENTE 36 ENTRA CONCERTO
24 CLIENTE 4 ENTRA PISTA_DE_DANCA
25 CLIENTE 25 SAI BAR
25 CLIENTE 5 SAI KARTODROMO
25 CLIENTE 23 ENTRA KARTODROMO
25 CLIENTE 32 SAI BAR
25 CLIENTE 32 TENTA PISTA_DE_DANCA
25 CLIENTE 32 ENTRA CONCERTO
27 CLIENTE 40 SAI PISTA_DE_DANCA
27 CLIENTE 40 ENTRA BAR
27 CLIENTE 25 ENTRA PISTA_DE_DANCA
27 CLIENTE 41 SAI BAR_VIP
27 CLIENTE 51 DESISTE DISCOTECA
28 CLIENTE 1 SAI KARTODROMO
28 CLIENTE 22 ENTRA KARTODROMO
28 CLIENTE 36 SAI CONCERTO
28 CLIENTE 36 ENTRA BAR
28 CLIENTE 11 SAI BAR
28 CLIENTE 11 ENTRA BAR_VIP
28 CLIENTE 24 SAI CONCERTO
29 CLIENTE 22 SAI KARTODROMO
29 CLIENTE 30 ENTRA KARTODROMO
29 CLIENTE 8 SAI BAR_VIP
29 CLIENTE 8 ENTRA CONCERTO
29 CLIENTE 26 SAI BAR
29 CLIENTE 26 TENTA PISTA_DE_DANCA
29 CLIENTE 56 DESISTE DISCOTECA
30 CLIENTE 36 SAI BAR
30 CLIENTE 36 ENTRA BAR_VIP
31 CLIENTE 16 SAI CONCERTO
31 CLIENTE 16 ENTRA BAR_VIP
31 CLIENTE 12 SAI CONCERTO
31 CLIENTE 12 ENTRA BAR_VIP
31 CLIENTE 40 SAI BAR
31 CLIENTE 40 ENTRA CONCERTO
31 CLIENTE 32 SAI CONCERTO
31 CLIENTE 32 ENTRA BAR_VIP
32 CLIENTE 37 SAI BAR
32 CLIENTE 40 SAI CONCERTO
32 CLIENTE 32 SAI BAR_VIP
32 CLIENTE 40 ENTRA BAR_VIP
33 CLIENTE 4 SAI PISTA_DE_DANCA
33 CLIENTE 4 ENTRA CONCERTO
33 CLIENTE 5 ENTRA PISTA_DE_DANCA
33 CLIENTE 30 SAI KARTODROMO
33 CLIENTE 30 ENTRA CONCERTO
33 CLIENTE 33 ENTRA KARTODROMO
33 CLIENTE 25 SAI PISTA_DE_DANCA
33 CLIENTE 25 ENTRA CONCERTO
33 CLIENTE 41 ENTRA PISTA_DE_DANCA
34 CLIENTE 36 SAI BAR_VIP
34 CLIENTE 36 SAI DISCOTECA
34 CLIENTE 42 ENTRA DISCOTECA
34 CLIENTE 42 ENTRA BAR_VIP
34 CLIENTE 23 SAI KARTODROMO
34 CLIENTE 14 ENTRA KARTODROMO
34 CLIENTE 41 SAI PISTA_DE_DANCA
34 CLIENTE 41 ENTRA BAR
34 CLIENTE 1 ENTRA PISTA_DE_DANCA
35 CLIENTE 16 SAI BAR_VIP
35 CLIENTE 16 ENTRA BAR
35 CLIENTE 4 SAI CONCERTO
35 CLIENTE 4 SAI DISCOTECA
35 CLIENTE 47 ENTRA DISCOTECA
35 CLIENTE 47 ENTRA BAR
35 CLIENTE 8 SAI CONCERTO
35 CLIENTE 41 SAI BAR
35 CLIENTE 41 ENTRA CONCERTO
36 CLIENTE 12 SAI BAR_VIP
36 CLIENTE 12 TENTA PISTA_DE_DANCA
36 CLIENTE 40 SAI BAR_VIP
36 CLIENTE 40 SAI DISCOTECA
36 CLIENTE 53 ENTRA DISCOTECA
36 CLIENTE 53 ENTRA BAR
37 CLIENTE 11 SAI BAR_VIP
37 CLIENTE 11 ENTRA CONCERTO
38 CLIENTE 1 SAI PISTA_DE_DANCA
38 CLIENTE 1 SAI DISCOTECA
38 CLIENTE 55 ENTRA DISCOTECA
38 CLIENTE 24 ENTRA PISTA_DE_DANCA
38 CLIENTE 71 DESISTE DISCOTECA
39 CLIENTE 30 SAI CONCERTO
39 ENCERRAMENTO
40 BAR 2 FECHO ZONA 0 0 0 0
40 BAR_VIP 3 FECHO ZONA 0 1 0 0
40 CLIENTE 5 SAI PISTA_DE_DANCA
40 CLIENTE 5 SAI DISCOTECA
40 CLIENTE 57 ENTRA DISCOTECA
40 CLIENTE 57 SAI DISCOTECA
40 CLIENTE 58 ENTRA DISCOTECA
40 CLIENTE 58 SAI DISCOTECA
40 CLIENTE 60 ENTRA DISCOTECA
40 CLIENTE 60 SAI DISCOTECA
40 CLIENTE 62 ENTRA DISCOTECA
40 CLIENTE 62 SAI DISCOTECA
40 CLIENTE 65 ENTRA DISCOTECA
40 CLIENTE 65 SAI DISCOTECA
40 CLIENTE 66 ENTRA DISCOTECA
40 CLIENTE 66 SAI DISCOTECA
40 CLIENTE 68 ENTRA DISCOTECA
40 CLIENTE 68 SAI DISCOTECA
40 CLIENTE 70 ENTRA DISCOTECA
40 CLIENTE 70 SAI DISCOTECA
40 CLIENTE 72 ENTRA DISCOTECA
40 CLIENTE 72 SAI DISCOTECA
40 CLIENTE 46 ENTRA DISCOTECA
40 CLIENTE 46 TENTA PISTA_DE_DANCA
40 CLIENTE 46 SAI DISCOTECA
40 CLIENTE 48 ENTRA DISCOTECA
40 CLIENTE 48 SAI DISCOTECA
40 CLIENTE 49 ENTRA DISCOTECA
40 CLIENTE 49 SAI DISCOTECA
40 CLIENTE 50 ENTRA DISCOTECA
40 CLIENTE 50 SAI DISCOTECA
40 CLIENTE 52 ENTRA DISCOTECA
40 CLIENTE 52 SAI DISCOTECA
40 CLIENTE 54 ENTRA DISCOTECA
40 CLIENTE 54 SAI DISCOTECA
40 CLIENTE 59 ENTRA DISCOTECA
40 CLIENTE 59 SAI DISCOTECA
40 CLIENTE 61 ENTRA DISCOTECA
40 CLIENTE 61 TENTA PISTA_DE_DANCA
40 CLIENTE 61 SAI DISCOTECA
40 CLIENTE 63 ENTRA DISCOTECA
40 CLIENTE 63 SAI DISCOTECA
40 CLIENTE 64 ENTRA DISCOTECA
40 CLIENTE 64 SAI DISCOTECA
40 CLIENTE 67 ENTRA DISCOTECA
40 CLIENTE 67 SAI DISCOTECA
40 CLIENTE 69 ENTRA DISCOTECA
40 CLIENTE 69 SAI DISCOTECA
40 CLIENTE 73 ENTRA DISCOTECA
40 CLIENTE 22 SAI DISCOTECA
40 CLIENTE 26 SAI DISCOTECA
40 CLIENTE 32 SAI DISCOTECA
40 CLIENTE 23 SAI DISCOTECA
40 CLIENTE 8 SAI DISCOTECA
40 CLIENTE 12 SAI DISCOTECA
40 CLIENTE 55 SAI DISCOTECA
40 CLIENTE 30 SAI DISCOTECA
